dict_keys(['raw', 'xgboost_data', 'revenue'])
Finish loading data...
Training xgboost model...
------Evaluating xgboost model------
F1-scre equals to:0.5095
AUC = 0.9287, F1-score = 0.5095
Checking top 1% suspicious transactions: 2760
Precision: 0.7703, Recall: 0.3431, Seized Revenue (Recall): 0.2296
Checking top 2% suspicious transactions: 5529
Precision: 0.6093, Recall: 0.5437, Seized Revenue (Recall): 0.3468
Checking top 5% suspicious transactions: 13814
Precision: 0.292, Recall: 0.6509, Seized Revenue (Recall): 0.5196
Checking top 10% suspicious transactions: 27644
Precision: 0.1738, Recall: 0.7755, Seized Revenue (Recall): 0.6609
Training Logistic regression model...
------Evaluating xgboost+LR model------
F1-scre equals to:0.4381
AUC = 0.9397, F1-score = 0.4381
Checking top 1% suspicious transactions: 2765
Precision: 0.7671, Recall: 0.3423, Seized Revenue (Recall): 0.2637
Checking top 2% suspicious transactions: 5528
Precision: 0.5546, Recall: 0.4948, Seized Revenue (Recall): 0.3569
Checking top 5% suspicious transactions: 13821
Precision: 0.3163, Recall: 0.7056, Seized Revenue (Recall): 0.5386
Checking top 10% suspicious transactions: 27644
Precision: 0.1793, Recall: 0.8, Seized Revenue (Recall): 0.6861
dict_keys(['raw', 'xgboost_data', 'revenue'])
Finish loading data...
Training xgboost model...
------Evaluating xgboost model------
F1-scre equals to:0.5433
AUC = 0.9272, F1-score = 0.5433
Checking top 1% suspicious transactions: 2764
Precision: 0.7601, Recall: 0.3391, Seized Revenue (Recall): 0.2306
Checking top 2% suspicious transactions: 5518
Precision: 0.5814, Recall: 0.5178, Seized Revenue (Recall): 0.3241
Checking top 5% suspicious transactions: 13822
Precision: 0.2906, Recall: 0.6483, Seized Revenue (Recall): 0.5037
Checking top 10% suspicious transactions: 27423
Precision: 0.17, Recall: 0.7523, Seized Revenue (Recall): 0.6519
Training Logistic regression model...
------Evaluating xgboost+LR model------
F1-scre equals to:0.4654
AUC = 0.9467, F1-score = 0.4654
Checking top 1% suspicious transactions: 2765
Precision: 0.9103, Recall: 0.4062, Seized Revenue (Recall): 0.2727
Checking top 2% suspicious transactions: 5529
Precision: 0.6623, Recall: 0.591, Seized Revenue (Recall): 0.4006
Checking top 5% suspicious transactions: 13820
Precision: 0.3237, Recall: 0.7221, Seized Revenue (Recall): 0.5509
Checking top 10% suspicious transactions: 27642
Precision: 0.1844, Recall: 0.8226, Seized Revenue (Recall): 0.7109
dict_keys(['raw', 'xgboost_data', 'revenue'])
Finish loading data...
Training xgboost model...
------Evaluating xgboost model------
F1-scre equals to:0.5016
AUC = 0.9296, F1-score = 0.5016
Checking top 1% suspicious transactions: 2760
Precision: 0.8402, Recall: 0.3743, Seized Revenue (Recall): 0.2392
Checking top 2% suspicious transactions: 5527
Precision: 0.5614, Recall: 0.5008, Seized Revenue (Recall): 0.3456
Checking top 5% suspicious transactions: 13822
Precision: 0.2798, Recall: 0.6243, Seized Revenue (Recall): 0.4797
Checking top 10% suspicious transactions: 27644
Precision: 0.1668, Recall: 0.7442, Seized Revenue (Recall): 0.6247
Training Logistic regression model...
------Evaluating xgboost+LR model------
F1-scre equals to:0.5525
AUC = 0.9478, F1-score = 0.5525
Checking top 1% suspicious transactions: 2771
Precision: 0.8961, Recall: 0.4007, Seized Revenue (Recall): 0.2897
Checking top 2% suspicious transactions: 5527
Precision: 0.6678, Recall: 0.5957, Seized Revenue (Recall): 0.4197
Checking top 5% suspicious transactions: 13810
Precision: 0.3292, Recall: 0.7337, Seized Revenue (Recall): 0.5632
Checking top 10% suspicious transactions: 27635
Precision: 0.1828, Recall: 0.8155, Seized Revenue (Recall): 0.6841
dict_keys(['raw', 'xgboost_data', 'revenue'])
Finish loading data...
Training xgboost model...
------Evaluating xgboost model------
F1-scre equals to:0.5601
AUC = 0.9402, F1-score = 0.5601
Checking top 1% suspicious transactions: 2765
Precision: 0.8835, Recall: 0.3943, Seized Revenue (Recall): 0.2825
Checking top 2% suspicious transactions: 5529
Precision: 0.6108, Recall: 0.545, Seized Revenue (Recall): 0.3957
Checking top 5% suspicious transactions: 13767
Precision: 0.3175, Recall: 0.7055, Seized Revenue (Recall): 0.5664
Checking top 10% suspicious transactions: 27634
Precision: 0.1758, Recall: 0.7842, Seized Revenue (Recall): 0.6737
Training Logistic regression model...
------Evaluating xgboost+LR model------
F1-scre equals to:0.4275
AUC = 0.9438, F1-score = 0.4275
Checking top 1% suspicious transactions: 2765
Precision: 0.8705, Recall: 0.3885, Seized Revenue (Recall): 0.2804
Checking top 2% suspicious transactions: 5528
Precision: 0.6608, Recall: 0.5896, Seized Revenue (Recall): 0.4617
Checking top 5% suspicious transactions: 13820
Precision: 0.3297, Recall: 0.7355, Seized Revenue (Recall): 0.6311
Checking top 10% suspicious transactions: 27020
Precision: 0.1833, Recall: 0.7992, Seized Revenue (Recall): 0.7213
dict_keys(['raw', 'xgboost_data', 'revenue'])
Finish loading data...
Training xgboost model...
------Evaluating xgboost model------
F1-scre equals to:0.5493
AUC = 0.9352, F1-score = 0.5493
Checking top 1% suspicious transactions: 2765
Precision: 0.8846, Recall: 0.3948, Seized Revenue (Recall): 0.2356
Checking top 2% suspicious transactions: 5529
Precision: 0.5723, Recall: 0.5107, Seized Revenue (Recall): 0.3614
Checking top 5% suspicious transactions: 13822
Precision: 0.2934, Recall: 0.6546, Seized Revenue (Recall): 0.5158
Checking top 10% suspicious transactions: 27624
Precision: 0.1688, Recall: 0.7526, Seized Revenue (Recall): 0.629
Training Logistic regression model...
------Evaluating xgboost+LR model------
F1-scre equals to:0.6320
AUC = 0.9456, F1-score = 0.6320
Checking top 1% suspicious transactions: 2765
Precision: 0.8571, Recall: 0.3825, Seized Revenue (Recall): 0.2443
Checking top 2% suspicious transactions: 5529
Precision: 0.6791, Recall: 0.606, Seized Revenue (Recall): 0.4064
Checking top 5% suspicious transactions: 13819
Precision: 0.3399, Recall: 0.7581, Seized Revenue (Recall): 0.5807
Checking top 10% suspicious transactions: 27644
Precision: 0.1858, Recall: 0.8288, Seized Revenue (Recall): 0.7254
dict_keys(['raw', 'xgboost_data', 'revenue'])
Finish loading data...
Training xgboost model...
------Evaluating xgboost model------
F1-scre equals to:0.5492
AUC = 0.9305, F1-score = 0.5492
Checking top 1% suspicious transactions: 2762
Precision: 0.8704, Recall: 0.388, Seized Revenue (Recall): 0.227
Checking top 2% suspicious transactions: 5529
Precision: 0.5446, Recall: 0.486, Seized Revenue (Recall): 0.3452
Checking top 5% suspicious transactions: 13725
Precision: 0.2819, Recall: 0.6244, Seized Revenue (Recall): 0.4689
Checking top 10% suspicious transactions: 27639
Precision: 0.1626, Recall: 0.7251, Seized Revenue (Recall): 0.5735
Training Logistic regression model...
------Evaluating xgboost+LR model------
F1-scre equals to:0.6830
AUC = 0.9440, F1-score = 0.6830
Checking top 1% suspicious transactions: 2762
Precision: 0.9631, Recall: 0.4293, Seized Revenue (Recall): 0.2669
Checking top 2% suspicious transactions: 5529
Precision: 0.7148, Recall: 0.6378, Seized Revenue (Recall): 0.4438
Checking top 5% suspicious transactions: 13821
Precision: 0.3424, Recall: 0.7637, Seized Revenue (Recall): 0.5792
Checking top 10% suspicious transactions: 27637
Precision: 0.1854, Recall: 0.8271, Seized Revenue (Recall): 0.7122
dict_keys(['raw', 'xgboost_data', 'revenue'])
Finish loading data...
Training xgboost model...
------Evaluating xgboost model------
F1-scre equals to:0.4844
AUC = 0.9156, F1-score = 0.4844
Checking top 1% suspicious transactions: 2765
Precision: 0.7801, Recall: 0.3481, Seized Revenue (Recall): 0.2267
Checking top 2% suspicious transactions: 5529
Precision: 0.4858, Recall: 0.4335, Seized Revenue (Recall): 0.2981
Checking top 5% suspicious transactions: 13822
Precision: 0.257, Recall: 0.5733, Seized Revenue (Recall): 0.4287
Checking top 10% suspicious transactions: 27642
Precision: 0.1596, Recall: 0.7121, Seized Revenue (Recall): 0.555
Training Logistic regression model...
------Evaluating xgboost+LR model------
F1-scre equals to:0.5519
AUC = 0.9377, F1-score = 0.5519
Checking top 1% suspicious transactions: 2765
Precision: 0.8467, Recall: 0.3778, Seized Revenue (Recall): 0.2615
Checking top 2% suspicious transactions: 5523
Precision: 0.6415, Recall: 0.5718, Seized Revenue (Recall): 0.3853
Checking top 5% suspicious transactions: 13822
Precision: 0.3218, Recall: 0.7179, Seized Revenue (Recall): 0.5444
Checking top 10% suspicious transactions: 27563
Precision: 0.1811, Recall: 0.8055, Seized Revenue (Recall): 0.6399
dict_keys(['raw', 'xgboost_data', 'revenue'])
Finish loading data...
Training xgboost model...
------Evaluating xgboost model------
F1-scre equals to:0.2043
AUC = 0.8138, F1-score = 0.2043
Checking top 1% suspicious transactions: 2765
Precision: 0.3595, Recall: 0.1604, Seized Revenue (Recall): 0.1535
Checking top 2% suspicious transactions: 5528
Precision: 0.2104, Recall: 0.1877, Seized Revenue (Recall): 0.1928
Checking top 5% suspicious transactions: 13820
Precision: 0.1032, Recall: 0.2301, Seized Revenue (Recall): 0.2642
Checking top 10% suspicious transactions: 27643
Precision: 0.0577, Recall: 0.2573, Seized Revenue (Recall): 0.3246
Training Logistic regression model...
------Evaluating xgboost+LR model------
F1-scre equals to:0.1724
AUC = 0.8228, F1-score = 0.1724
Checking top 1% suspicious transactions: 2764
Precision: 0.4052, Recall: 0.1808, Seized Revenue (Recall): 0.1721
Checking top 2% suspicious transactions: 5525
Precision: 0.2268, Recall: 0.2022, Seized Revenue (Recall): 0.2102
Checking top 5% suspicious transactions: 13819
Precision: 0.1021, Recall: 0.2277, Seized Revenue (Recall): 0.2622
Checking top 10% suspicious transactions: 27644
Precision: 0.0639, Recall: 0.285, Seized Revenue (Recall): 0.343
