dict_keys(['raw', 'xgboost_data', 'revenue'])
Finish loading data...
Training xgboost model...
------Evaluating xgboost model------
F1-scre equals to:0.6369
AUC = 0.9338, F1-score = 0.6369
Checking top 1% suspicious transactions: 2764
Precision: 0.9001, Recall: 0.4015, Seized Revenue (Recall): 0.2459
Checking top 2% suspicious transactions: 5529
Precision: 0.6616, Recall: 0.5904, Seized Revenue (Recall): 0.3889
Checking top 5% suspicious transactions: 13822
Precision: 0.3219, Recall: 0.718, Seized Revenue (Recall): 0.572
Checking top 10% suspicious transactions: 27642
Precision: 0.1758, Recall: 0.7842, Seized Revenue (Recall): 0.6686
Training Logistic regression model...
------Evaluating xgboost+LR model------
F1-scre equals to:0.6876
AUC = 0.9482, F1-score = 0.6876
Checking top 1% suspicious transactions: 2752
Precision: 0.9095, Recall: 0.404, Seized Revenue (Recall): 0.2718
Checking top 2% suspicious transactions: 5529
Precision: 0.7294, Recall: 0.6509, Seized Revenue (Recall): 0.4422
Checking top 5% suspicious transactions: 13820
Precision: 0.3502, Recall: 0.7811, Seized Revenue (Recall): 0.6377
Checking top 10% suspicious transactions: 27644
Precision: 0.1872, Recall: 0.8354, Seized Revenue (Recall): 0.7377
dict_keys(['raw', 'xgboost_data', 'revenue'])
Finish loading data...
Training xgboost model...
------Evaluating xgboost model------
F1-scre equals to:0.6474
AUC = 0.9320, F1-score = 0.6474
Checking top 1% suspicious transactions: 2765
Precision: 0.8893, Recall: 0.3969, Seized Revenue (Recall): 0.2449
Checking top 2% suspicious transactions: 5528
Precision: 0.6485, Recall: 0.5786, Seized Revenue (Recall): 0.3907
Checking top 5% suspicious transactions: 13816
Precision: 0.3068, Recall: 0.6842, Seized Revenue (Recall): 0.5359
Checking top 10% suspicious transactions: 27458
Precision: 0.172, Recall: 0.7624, Seized Revenue (Recall): 0.6633
Training Logistic regression model...
------Evaluating xgboost+LR model------
F1-scre equals to:0.7039
AUC = 0.9515, F1-score = 0.7039
Checking top 1% suspicious transactions: 2728
Precision: 0.9604, Recall: 0.4229, Seized Revenue (Recall): 0.2589
Checking top 2% suspicious transactions: 5529
Precision: 0.745, Recall: 0.6648, Seized Revenue (Recall): 0.459
Checking top 5% suspicious transactions: 13822
Precision: 0.3527, Recall: 0.7868, Seized Revenue (Recall): 0.6198
Checking top 10% suspicious transactions: 27643
Precision: 0.1878, Recall: 0.8376, Seized Revenue (Recall): 0.7335
dict_keys(['raw', 'xgboost_data', 'revenue'])
Finish loading data...
Training xgboost model...
------Evaluating xgboost model------
F1-scre equals to:0.6473
AUC = 0.9380, F1-score = 0.6473
Checking top 1% suspicious transactions: 2765
Precision: 0.8879, Recall: 0.3962, Seized Revenue (Recall): 0.2625
Checking top 2% suspicious transactions: 5509
Precision: 0.6655, Recall: 0.5917, Seized Revenue (Recall): 0.4145
Checking top 5% suspicious transactions: 13822
Precision: 0.3206, Recall: 0.7153, Seized Revenue (Recall): 0.5736
Checking top 10% suspicious transactions: 27618
Precision: 0.1741, Recall: 0.776, Seized Revenue (Recall): 0.6678
Training Logistic regression model...
------Evaluating xgboost+LR model------
F1-scre equals to:0.6802
AUC = 0.9531, F1-score = 0.6802
Checking top 1% suspicious transactions: 2764
Precision: 0.9103, Recall: 0.4061, Seized Revenue (Recall): 0.2584
Checking top 2% suspicious transactions: 5529
Precision: 0.7189, Recall: 0.6415, Seized Revenue (Recall): 0.4255
Checking top 5% suspicious transactions: 13822
Precision: 0.3484, Recall: 0.7771, Seized Revenue (Recall): 0.623
Checking top 10% suspicious transactions: 27639
Precision: 0.1882, Recall: 0.8396, Seized Revenue (Recall): 0.7264
dict_keys(['raw', 'xgboost_data', 'revenue'])
Finish loading data...
Training xgboost model...
------Evaluating xgboost model------
F1-scre equals to:0.5763
AUC = 0.9384, F1-score = 0.5763
Checking top 1% suspicious transactions: 2764
Precision: 0.8994, Recall: 0.4012, Seized Revenue (Recall): 0.2617
Checking top 2% suspicious transactions: 5529
Precision: 0.6008, Recall: 0.5362, Seized Revenue (Recall): 0.3865
Checking top 5% suspicious transactions: 13822
Precision: 0.3193, Recall: 0.7122, Seized Revenue (Recall): 0.5567
Checking top 10% suspicious transactions: 27643
Precision: 0.1746, Recall: 0.7789, Seized Revenue (Recall): 0.6561
Training Logistic regression model...
------Evaluating xgboost+LR model------
F1-scre equals to:0.6904
AUC = 0.9474, F1-score = 0.6904
Checking top 1% suspicious transactions: 2765
Precision: 0.9396, Recall: 0.4193, Seized Revenue (Recall): 0.2815
Checking top 2% suspicious transactions: 5529
Precision: 0.7273, Recall: 0.649, Seized Revenue (Recall): 0.4514
Checking top 5% suspicious transactions: 13726
Precision: 0.3454, Recall: 0.7652, Seized Revenue (Recall): 0.621
Checking top 10% suspicious transactions: 27642
Precision: 0.1854, Recall: 0.8273, Seized Revenue (Recall): 0.7353
dict_keys(['raw', 'xgboost_data', 'revenue'])
Finish loading data...
Training xgboost model...
------Evaluating xgboost model------
F1-scre equals to:0.5581
AUC = 0.9400, F1-score = 0.5581
Checking top 1% suspicious transactions: 2764
Precision: 0.8868, Recall: 0.3956, Seized Revenue (Recall): 0.251
Checking top 2% suspicious transactions: 5528
Precision: 0.6042, Recall: 0.5391, Seized Revenue (Recall): 0.3748
Checking top 5% suspicious transactions: 13819
Precision: 0.3164, Recall: 0.7058, Seized Revenue (Recall): 0.5633
Checking top 10% suspicious transactions: 27636
Precision: 0.1733, Recall: 0.7728, Seized Revenue (Recall): 0.6595
Training Logistic regression model...
------Evaluating xgboost+LR model------
F1-scre equals to:0.6438
AUC = 0.9405, F1-score = 0.6438
Checking top 1% suspicious transactions: 2736
Precision: 0.9013, Recall: 0.398, Seized Revenue (Recall): 0.2743
Checking top 2% suspicious transactions: 5505
Precision: 0.7075, Recall: 0.6286, Seized Revenue (Recall): 0.4513
Checking top 5% suspicious transactions: 13822
Precision: 0.3418, Recall: 0.7626, Seized Revenue (Recall): 0.6164
Checking top 10% suspicious transactions: 27644
Precision: 0.1857, Recall: 0.8284, Seized Revenue (Recall): 0.7268
dict_keys(['raw', 'xgboost_data', 'revenue'])
Finish loading data...
Training xgboost model...
------Evaluating xgboost model------
F1-scre equals to:0.5428
AUC = 0.9307, F1-score = 0.5428
Checking top 1% suspicious transactions: 2765
Precision: 0.86, Recall: 0.3838, Seized Revenue (Recall): 0.2296
Checking top 2% suspicious transactions: 5527
Precision: 0.5486, Recall: 0.4893, Seized Revenue (Recall): 0.3379
Checking top 5% suspicious transactions: 13822
Precision: 0.2765, Recall: 0.6168, Seized Revenue (Recall): 0.4696
Checking top 10% suspicious transactions: 27643
Precision: 0.1638, Recall: 0.7306, Seized Revenue (Recall): 0.5808
Training Logistic regression model...
------Evaluating xgboost+LR model------
F1-scre equals to:0.6111
AUC = 0.9402, F1-score = 0.6111
Checking top 1% suspicious transactions: 2765
Precision: 0.9349, Recall: 0.4172, Seized Revenue (Recall): 0.2811
Checking top 2% suspicious transactions: 5529
Precision: 0.6981, Recall: 0.623, Seized Revenue (Recall): 0.4249
Checking top 5% suspicious transactions: 13822
Precision: 0.3348, Recall: 0.7468, Seized Revenue (Recall): 0.5777
Checking top 10% suspicious transactions: 27641
Precision: 0.1837, Recall: 0.8196, Seized Revenue (Recall): 0.6616
dict_keys(['raw', 'xgboost_data', 'revenue'])
Finish loading data...
Training xgboost model...
------Evaluating xgboost model------
F1-scre equals to:0.4242
AUC = 0.8874, F1-score = 0.4242
Checking top 1% suspicious transactions: 2765
Precision: 0.7204, Recall: 0.3215, Seized Revenue (Recall): 0.2126
Checking top 2% suspicious transactions: 5529
Precision: 0.4473, Recall: 0.3991, Seized Revenue (Recall): 0.2765
Checking top 5% suspicious transactions: 13822
Precision: 0.2097, Recall: 0.4679, Seized Revenue (Recall): 0.367
Checking top 10% suspicious transactions: 27643
Precision: 0.1171, Recall: 0.5226, Seized Revenue (Recall): 0.4757
Training Logistic regression model...
------Evaluating xgboost+LR model------
F1-scre equals to:0.4441
AUC = 0.9298, F1-score = 0.4441
Checking top 1% suspicious transactions: 2765
Precision: 0.7729, Recall: 0.3449, Seized Revenue (Recall): 0.252
Checking top 2% suspicious transactions: 5529
Precision: 0.5433, Recall: 0.4848, Seized Revenue (Recall): 0.3705
Checking top 5% suspicious transactions: 13818
Precision: 0.2942, Recall: 0.6561, Seized Revenue (Recall): 0.5332
Checking top 10% suspicious transactions: 27617
Precision: 0.1716, Recall: 0.765, Seized Revenue (Recall): 0.6471
dict_keys(['raw', 'xgboost_data', 'revenue'])
Finish loading data...
Training xgboost model...
------Evaluating xgboost model------
F1-scre equals to:0.2043
AUC = 0.8138, F1-score = 0.2043
Checking top 1% suspicious transactions: 2765
Precision: 0.3595, Recall: 0.1604, Seized Revenue (Recall): 0.1535
Checking top 2% suspicious transactions: 5528
Precision: 0.2104, Recall: 0.1877, Seized Revenue (Recall): 0.1928
Checking top 5% suspicious transactions: 13820
Precision: 0.1032, Recall: 0.2301, Seized Revenue (Recall): 0.2642
Checking top 10% suspicious transactions: 27643
Precision: 0.0577, Recall: 0.2573, Seized Revenue (Recall): 0.3246
Training Logistic regression model...
------Evaluating xgboost+LR model------
F1-scre equals to:0.1724
AUC = 0.8228, F1-score = 0.1724
Checking top 1% suspicious transactions: 2764
Precision: 0.4052, Recall: 0.1808, Seized Revenue (Recall): 0.1721
Checking top 2% suspicious transactions: 5525
Precision: 0.2268, Recall: 0.2022, Seized Revenue (Recall): 0.2102
Checking top 5% suspicious transactions: 13819
Precision: 0.1021, Recall: 0.2277, Seized Revenue (Recall): 0.2622
Checking top 10% suspicious transactions: 27644
Precision: 0.0639, Recall: 0.285, Seized Revenue (Recall): 0.343
